(index):752 
        
        
       POST http://localhost:5001/proxy/webhook 404 (Not Found)
(anonymous) @ (index):752
dispatch @ jquery-3.6.0.min.js:2
v.handle @ jquery-3.6.0.min.js:2
(index):777 
        
        
       POST http://localhost:5001/close_positions 500 (Internal Server Error)
(anonymous) @ (index):777
dispatch @ jquery-3.6.0.min.js:2
v.handle @ jquery-3.6.0.min.js:2
(index):752 
        
        
       POST http://localhost:5001/proxy/webhook 404 (Not Found)
(anonymous) @ (index):752
dispatch @ jquery-3.6.0.min.js:2
v.handle @ jquery-3.6.0.min.js:2
(index):777 
        
        
       POST http://localhost:5001/close_positions 500 (Internal Server Error)
(anonymous) @ (index):777
dispatch @ jquery-3.6.0.min.js:2
v.handle @ jquery-3.6.0.min.js:2
